# This file was automatically created by FeynRules $Revision: 634 $
# Mathematica version: 7.0 for Mac OS X x86 (64-bit) (April 23, 2009)
# Date: Mon 22 Aug 2011 13:01:18


# 
# This is the logfile for the model MSSM

# Authors: Benjamin Fuks
# Model version: 1.3.4
# Checking the Lagrangians
   * All Lagrangians are ok.
#
# Particle definitions
#

   * No particles removed. All particles correspond to GenInt setup.

# Automatically assigned PDG numbers
   * Assigned PDG number 9000001 to particle ghG
   * Assigned PDG number 9000002 to particle ghA
   * Assigned PDG number 9000003 to particle ghZ
   * Assigned PDG number 9000004 to particle ghWp
   * Assigned PDG number 9000005 to particle ghWm


# Compulsory PDG codes:
   * Class SM leptons complete.
   * Class SM neutrinos complete.
   * Class SM quarks complete.
   * Class SM gauge bosons complete.
#
# Parameter definitions
#

   * Parameter RRd11 has no value. Default value 1 assigned.
   * Parameter RRd12 has no value. Default value 1 assigned.
   * Parameter RRd13 has no value. Default value 1 assigned.
   * Parameter RRd14 has no value. Default value 1 assigned.
   * Parameter RRd15 has no value. Default value 1 assigned.
   * Parameter RRd16 has no value. Default value 1 assigned.
   * Parameter RRd21 has no value. Default value 1 assigned.
   * Parameter RRd22 has no value. Default value 1 assigned.
   * Parameter RRd23 has no value. Default value 1 assigned.
   * Parameter RRd24 has no value. Default value 1 assigned.
   * Parameter RRd25 has no value. Default value 1 assigned.
   * Parameter RRd26 has no value. Default value 1 assigned.
   * Parameter RRd31 has no value. Default value 1 assigned.
   * Parameter RRd32 has no value. Default value 1 assigned.
   * Parameter RRd33 has no value. Default value 1 assigned.
   * Parameter RRd34 has no value. Default value 1 assigned.
   * Parameter RRd35 has no value. Default value 1 assigned.
   * Parameter RRd36 has no value. Default value 1 assigned.
   * Parameter RRd41 has no value. Default value 1 assigned.
   * Parameter RRd42 has no value. Default value 1 assigned.
   * Parameter RRd43 has no value. Default value 1 assigned.
   * Parameter RRd44 has no value. Default value 1 assigned.
   * Parameter RRd45 has no value. Default value 1 assigned.
   * Parameter RRd46 has no value. Default value 1 assigned.
   * Parameter RRd51 has no value. Default value 1 assigned.
   * Parameter RRd52 has no value. Default value 1 assigned.
   * Parameter RRd53 has no value. Default value 1 assigned.
   * Parameter RRd54 has no value. Default value 1 assigned.
   * Parameter RRd55 has no value. Default value 1 assigned.
   * Parameter RRd56 has no value. Default value 1 assigned.
   * Parameter RRd61 has no value. Default value 1 assigned.
   * Parameter RRd62 has no value. Default value 1 assigned.
   * Parameter RRd63 has no value. Default value 1 assigned.
   * Parameter RRd64 has no value. Default value 1 assigned.
   * Parameter RRd65 has no value. Default value 1 assigned.
   * Parameter RRd66 has no value. Default value 1 assigned.
   * Parameter alp has no value. Default value 1 assigned.
   * Parameter RMUH has no value. Default value 1 assigned.
   * Parameter tb has no value. Default value 1 assigned.
   * Parameter MA2 has no value. Default value 1 assigned.
   * Parameter IRd11 has no value. Default value 1 assigned.
   * Parameter IRd12 has no value. Default value 1 assigned.
   * Parameter IRd13 has no value. Default value 1 assigned.
   * Parameter IRd14 has no value. Default value 1 assigned.
   * Parameter IRd15 has no value. Default value 1 assigned.
   * Parameter IRd16 has no value. Default value 1 assigned.
   * Parameter IRd21 has no value. Default value 1 assigned.
   * Parameter IRd22 has no value. Default value 1 assigned.
   * Parameter IRd23 has no value. Default value 1 assigned.
   * Parameter IRd24 has no value. Default value 1 assigned.
   * Parameter IRd25 has no value. Default value 1 assigned.
   * Parameter IRd26 has no value. Default value 1 assigned.
   * Parameter IRd31 has no value. Default value 1 assigned.
   * Parameter IRd32 has no value. Default value 1 assigned.
   * Parameter IRd33 has no value. Default value 1 assigned.
   * Parameter IRd34 has no value. Default value 1 assigned.
   * Parameter IRd35 has no value. Default value 1 assigned.
   * Parameter IRd36 has no value. Default value 1 assigned.
   * Parameter IRd41 has no value. Default value 1 assigned.
   * Parameter IRd42 has no value. Default value 1 assigned.
   * Parameter IRd43 has no value. Default value 1 assigned.
   * Parameter IRd44 has no value. Default value 1 assigned.
   * Parameter IRd45 has no value. Default value 1 assigned.
   * Parameter IRd46 has no value. Default value 1 assigned.
   * Parameter IRd51 has no value. Default value 1 assigned.
   * Parameter IRd52 has no value. Default value 1 assigned.
   * Parameter IRd53 has no value. Default value 1 assigned.
   * Parameter IRd54 has no value. Default value 1 assigned.
   * Parameter IRd55 has no value. Default value 1 assigned.
   * Parameter IRd56 has no value. Default value 1 assigned.
   * Parameter IRd61 has no value. Default value 1 assigned.
   * Parameter IRd62 has no value. Default value 1 assigned.
   * Parameter IRd63 has no value. Default value 1 assigned.
   * Parameter IRd64 has no value. Default value 1 assigned.
   * Parameter IRd65 has no value. Default value 1 assigned.
   * Parameter IRd66 has no value. Default value 1 assigned.
   * Parameter IMUH has no value. Default value 1 assigned.
   * Parameter ImD211 has no value. Default value 1 assigned.
   * Parameter ImD212 has no value. Default value 1 assigned.
   * Parameter ImD213 has no value. Default value 1 assigned.
   * Parameter ImD221 has no value. Default value 1 assigned.
   * Parameter ImD222 has no value. Default value 1 assigned.
   * Parameter ImD223 has no value. Default value 1 assigned.
   * Parameter ImD231 has no value. Default value 1 assigned.
   * Parameter ImD232 has no value. Default value 1 assigned.
   * Parameter ImD233 has no value. Default value 1 assigned.
   * Parameter ImE211 has no value. Default value 1 assigned.
   * Parameter ImE212 has no value. Default value 1 assigned.
   * Parameter ImE213 has no value. Default value 1 assigned.
   * Parameter ImE221 has no value. Default value 1 assigned.
   * Parameter ImE222 has no value. Default value 1 assigned.
   * Parameter ImE223 has no value. Default value 1 assigned.
   * Parameter ImE231 has no value. Default value 1 assigned.
   * Parameter ImE232 has no value. Default value 1 assigned.
   * Parameter ImE233 has no value. Default value 1 assigned.
   * Parameter ImL211 has no value. Default value 1 assigned.
   * Parameter ImL212 has no value. Default value 1 assigned.
   * Parameter ImL213 has no value. Default value 1 assigned.
   * Parameter ImL221 has no value. Default value 1 assigned.
   * Parameter ImL222 has no value. Default value 1 assigned.
   * Parameter ImL223 has no value. Default value 1 assigned.
   * Parameter ImL231 has no value. Default value 1 assigned.
   * Parameter ImL232 has no value. Default value 1 assigned.
   * Parameter ImL233 has no value. Default value 1 assigned.
   * Parameter IMx1 has no value. Default value 1 assigned.
   * Parameter IMx2 has no value. Default value 1 assigned.
   * Parameter IMx3 has no value. Default value 1 assigned.
   * Parameter ImQ211 has no value. Default value 1 assigned.
   * Parameter ImQ212 has no value. Default value 1 assigned.
   * Parameter ImQ213 has no value. Default value 1 assigned.
   * Parameter ImQ221 has no value. Default value 1 assigned.
   * Parameter ImQ222 has no value. Default value 1 assigned.
   * Parameter ImQ223 has no value. Default value 1 assigned.
   * Parameter ImQ231 has no value. Default value 1 assigned.
   * Parameter ImQ232 has no value. Default value 1 assigned.
   * Parameter ImQ233 has no value. Default value 1 assigned.
   * Parameter ImU211 has no value. Default value 1 assigned.
   * Parameter ImU212 has no value. Default value 1 assigned.
   * Parameter ImU213 has no value. Default value 1 assigned.
   * Parameter ImU221 has no value. Default value 1 assigned.
   * Parameter ImU222 has no value. Default value 1 assigned.
   * Parameter ImU223 has no value. Default value 1 assigned.
   * Parameter ImU231 has no value. Default value 1 assigned.
   * Parameter ImU232 has no value. Default value 1 assigned.
   * Parameter ImU233 has no value. Default value 1 assigned.
   * Parameter INN11 has no value. Default value 1 assigned.
   * Parameter INN12 has no value. Default value 1 assigned.
   * Parameter INN13 has no value. Default value 1 assigned.
   * Parameter INN14 has no value. Default value 1 assigned.
   * Parameter INN21 has no value. Default value 1 assigned.
   * Parameter INN22 has no value. Default value 1 assigned.
   * Parameter INN23 has no value. Default value 1 assigned.
   * Parameter INN24 has no value. Default value 1 assigned.
   * Parameter INN31 has no value. Default value 1 assigned.
   * Parameter INN32 has no value. Default value 1 assigned.
   * Parameter INN33 has no value. Default value 1 assigned.
   * Parameter INN34 has no value. Default value 1 assigned.
   * Parameter INN41 has no value. Default value 1 assigned.
   * Parameter INN42 has no value. Default value 1 assigned.
   * Parameter INN43 has no value. Default value 1 assigned.
   * Parameter INN44 has no value. Default value 1 assigned.
   * Parameter IRl11 has no value. Default value 1 assigned.
   * Parameter IRl12 has no value. Default value 1 assigned.
   * Parameter IRl13 has no value. Default value 1 assigned.
   * Parameter IRl14 has no value. Default value 1 assigned.
   * Parameter IRl15 has no value. Default value 1 assigned.
   * Parameter IRl16 has no value. Default value 1 assigned.
   * Parameter IRl21 has no value. Default value 1 assigned.
   * Parameter IRl22 has no value. Default value 1 assigned.
   * Parameter IRl23 has no value. Default value 1 assigned.
   * Parameter IRl24 has no value. Default value 1 assigned.
   * Parameter IRl25 has no value. Default value 1 assigned.
   * Parameter IRl26 has no value. Default value 1 assigned.
   * Parameter IRl31 has no value. Default value 1 assigned.
   * Parameter IRl32 has no value. Default value 1 assigned.
   * Parameter IRl33 has no value. Default value 1 assigned.
   * Parameter IRl34 has no value. Default value 1 assigned.
   * Parameter IRl35 has no value. Default value 1 assigned.
   * Parameter IRl36 has no value. Default value 1 assigned.
   * Parameter IRl41 has no value. Default value 1 assigned.
   * Parameter IRl42 has no value. Default value 1 assigned.
   * Parameter IRl43 has no value. Default value 1 assigned.
   * Parameter IRl44 has no value. Default value 1 assigned.
   * Parameter IRl45 has no value. Default value 1 assigned.
   * Parameter IRl46 has no value. Default value 1 assigned.
   * Parameter IRl51 has no value. Default value 1 assigned.
   * Parameter IRl52 has no value. Default value 1 assigned.
   * Parameter IRl53 has no value. Default value 1 assigned.
   * Parameter IRl54 has no value. Default value 1 assigned.
   * Parameter IRl55 has no value. Default value 1 assigned.
   * Parameter IRl56 has no value. Default value 1 assigned.
   * Parameter IRl61 has no value. Default value 1 assigned.
   * Parameter IRl62 has no value. Default value 1 assigned.
   * Parameter IRl63 has no value. Default value 1 assigned.
   * Parameter IRl64 has no value. Default value 1 assigned.
   * Parameter IRl65 has no value. Default value 1 assigned.
   * Parameter IRl66 has no value. Default value 1 assigned.
   * Parameter IRn11 has no value. Default value 1 assigned.
   * Parameter IRn12 has no value. Default value 1 assigned.
   * Parameter IRn13 has no value. Default value 1 assigned.
   * Parameter IRn21 has no value. Default value 1 assigned.
   * Parameter IRn22 has no value. Default value 1 assigned.
   * Parameter IRn23 has no value. Default value 1 assigned.
   * Parameter IRn31 has no value. Default value 1 assigned.
   * Parameter IRn32 has no value. Default value 1 assigned.
   * Parameter IRn33 has no value. Default value 1 assigned.
   * Parameter Itd11 has no value. Default value 1 assigned.
   * Parameter Itd12 has no value. Default value 1 assigned.
   * Parameter Itd13 has no value. Default value 1 assigned.
   * Parameter Itd21 has no value. Default value 1 assigned.
   * Parameter Itd22 has no value. Default value 1 assigned.
   * Parameter Itd23 has no value. Default value 1 assigned.
   * Parameter Itd31 has no value. Default value 1 assigned.
   * Parameter Itd32 has no value. Default value 1 assigned.
   * Parameter Itd33 has no value. Default value 1 assigned.
   * Parameter Ite11 has no value. Default value 1 assigned.
   * Parameter Ite12 has no value. Default value 1 assigned.
   * Parameter Ite13 has no value. Default value 1 assigned.
   * Parameter Ite21 has no value. Default value 1 assigned.
   * Parameter Ite22 has no value. Default value 1 assigned.
   * Parameter Ite23 has no value. Default value 1 assigned.
   * Parameter Ite31 has no value. Default value 1 assigned.
   * Parameter Ite32 has no value. Default value 1 assigned.
   * Parameter Ite33 has no value. Default value 1 assigned.
   * Parameter Itu11 has no value. Default value 1 assigned.
   * Parameter Itu12 has no value. Default value 1 assigned.
   * Parameter Itu13 has no value. Default value 1 assigned.
   * Parameter Itu21 has no value. Default value 1 assigned.
   * Parameter Itu22 has no value. Default value 1 assigned.
   * Parameter Itu23 has no value. Default value 1 assigned.
   * Parameter Itu31 has no value. Default value 1 assigned.
   * Parameter Itu32 has no value. Default value 1 assigned.
   * Parameter Itu33 has no value. Default value 1 assigned.
   * Parameter IUU11 has no value. Default value 1 assigned.
   * Parameter IUU12 has no value. Default value 1 assigned.
   * Parameter IUU21 has no value. Default value 1 assigned.
   * Parameter IUU22 has no value. Default value 1 assigned.
   * Parameter IMNS11 has no value. Default value 1 assigned.
   * Parameter IMNS12 has no value. Default value 1 assigned.
   * Parameter IMNS13 has no value. Default value 1 assigned.
   * Parameter IMNS21 has no value. Default value 1 assigned.
   * Parameter IMNS22 has no value. Default value 1 assigned.
   * Parameter IMNS23 has no value. Default value 1 assigned.
   * Parameter IMNS31 has no value. Default value 1 assigned.
   * Parameter IMNS32 has no value. Default value 1 assigned.
   * Parameter IMNS33 has no value. Default value 1 assigned.
   * Parameter IRu11 has no value. Default value 1 assigned.
   * Parameter IRu12 has no value. Default value 1 assigned.
   * Parameter IRu13 has no value. Default value 1 assigned.
   * Parameter IRu14 has no value. Default value 1 assigned.
   * Parameter IRu15 has no value. Default value 1 assigned.
   * Parameter IRu16 has no value. Default value 1 assigned.
   * Parameter IRu21 has no value. Default value 1 assigned.
   * Parameter IRu22 has no value. Default value 1 assigned.
   * Parameter IRu23 has no value. Default value 1 assigned.
   * Parameter IRu24 has no value. Default value 1 assigned.
   * Parameter IRu25 has no value. Default value 1 assigned.
   * Parameter IRu26 has no value. Default value 1 assigned.
   * Parameter IRu31 has no value. Default value 1 assigned.
   * Parameter IRu32 has no value. Default value 1 assigned.
   * Parameter IRu33 has no value. Default value 1 assigned.
   * Parameter IRu34 has no value. Default value 1 assigned.
   * Parameter IRu35 has no value. Default value 1 assigned.
   * Parameter IRu36 has no value. Default value 1 assigned.
   * Parameter IRu41 has no value. Default value 1 assigned.
   * Parameter IRu42 has no value. Default value 1 assigned.
   * Parameter IRu43 has no value. Default value 1 assigned.
   * Parameter IRu44 has no value. Default value 1 assigned.
   * Parameter IRu45 has no value. Default value 1 assigned.
   * Parameter IRu46 has no value. Default value 1 assigned.
   * Parameter IRu51 has no value. Default value 1 assigned.
   * Parameter IRu52 has no value. Default value 1 assigned.
   * Parameter IRu53 has no value. Default value 1 assigned.
   * Parameter IRu54 has no value. Default value 1 assigned.
   * Parameter IRu55 has no value. Default value 1 assigned.
   * Parameter IRu56 has no value. Default value 1 assigned.
   * Parameter IRu61 has no value. Default value 1 assigned.
   * Parameter IRu62 has no value. Default value 1 assigned.
   * Parameter IRu63 has no value. Default value 1 assigned.
   * Parameter IRu64 has no value. Default value 1 assigned.
   * Parameter IRu65 has no value. Default value 1 assigned.
   * Parameter IRu66 has no value. Default value 1 assigned.
   * Parameter ICKM11 has no value. Default value 1 assigned.
   * Parameter ICKM12 has no value. Default value 1 assigned.
   * Parameter ICKM13 has no value. Default value 1 assigned.
   * Parameter ICKM21 has no value. Default value 1 assigned.
   * Parameter ICKM22 has no value. Default value 1 assigned.
   * Parameter ICKM23 has no value. Default value 1 assigned.
   * Parameter ICKM31 has no value. Default value 1 assigned.
   * Parameter ICKM32 has no value. Default value 1 assigned.
   * Parameter ICKM33 has no value. Default value 1 assigned.
   * Parameter IVV11 has no value. Default value 1 assigned.
   * Parameter IVV12 has no value. Default value 1 assigned.
   * Parameter IVV21 has no value. Default value 1 assigned.
   * Parameter IVV22 has no value. Default value 1 assigned.
   * Parameter Iyd11 has no value. Default value 1 assigned.
   * Parameter Iyd12 has no value. Default value 1 assigned.
   * Parameter Iyd13 has no value. Default value 1 assigned.
   * Parameter Iyd21 has no value. Default value 1 assigned.
   * Parameter Iyd22 has no value. Default value 1 assigned.
   * Parameter Iyd23 has no value. Default value 1 assigned.
   * Parameter Iyd31 has no value. Default value 1 assigned.
   * Parameter Iyd32 has no value. Default value 1 assigned.
   * Parameter Iyd33 has no value. Default value 1 assigned.
   * Parameter Iye11 has no value. Default value 1 assigned.
   * Parameter Iye12 has no value. Default value 1 assigned.
   * Parameter Iye13 has no value. Default value 1 assigned.
   * Parameter Iye21 has no value. Default value 1 assigned.
   * Parameter Iye22 has no value. Default value 1 assigned.
   * Parameter Iye23 has no value. Default value 1 assigned.
   * Parameter Iye31 has no value. Default value 1 assigned.
   * Parameter Iye32 has no value. Default value 1 assigned.
   * Parameter Iye33 has no value. Default value 1 assigned.
   * Parameter Iyu11 has no value. Default value 1 assigned.
   * Parameter Iyu12 has no value. Default value 1 assigned.
   * Parameter Iyu13 has no value. Default value 1 assigned.
   * Parameter Iyu21 has no value. Default value 1 assigned.
   * Parameter Iyu22 has no value. Default value 1 assigned.
   * Parameter Iyu23 has no value. Default value 1 assigned.
   * Parameter Iyu31 has no value. Default value 1 assigned.
   * Parameter Iyu32 has no value. Default value 1 assigned.
   * Parameter Iyu33 has no value. Default value 1 assigned.
   * Parameter RmD211 has no value. Default value 1 assigned.
   * Parameter RmD212 has no value. Default value 1 assigned.
   * Parameter RmD213 has no value. Default value 1 assigned.
   * Parameter RmD221 has no value. Default value 1 assigned.
   * Parameter RmD222 has no value. Default value 1 assigned.
   * Parameter RmD223 has no value. Default value 1 assigned.
   * Parameter RmD231 has no value. Default value 1 assigned.
   * Parameter RmD232 has no value. Default value 1 assigned.
   * Parameter RmD233 has no value. Default value 1 assigned.
   * Parameter RmE211 has no value. Default value 1 assigned.
   * Parameter RmE212 has no value. Default value 1 assigned.
   * Parameter RmE213 has no value. Default value 1 assigned.
   * Parameter RmE221 has no value. Default value 1 assigned.
   * Parameter RmE222 has no value. Default value 1 assigned.
   * Parameter RmE223 has no value. Default value 1 assigned.
   * Parameter RmE231 has no value. Default value 1 assigned.
   * Parameter RmE232 has no value. Default value 1 assigned.
   * Parameter RmE233 has no value. Default value 1 assigned.
   * Parameter RmL211 has no value. Default value 1 assigned.
   * Parameter RmL212 has no value. Default value 1 assigned.
   * Parameter RmL213 has no value. Default value 1 assigned.
   * Parameter RmL221 has no value. Default value 1 assigned.
   * Parameter RmL222 has no value. Default value 1 assigned.
   * Parameter RmL223 has no value. Default value 1 assigned.
   * Parameter RmL231 has no value. Default value 1 assigned.
   * Parameter RmL232 has no value. Default value 1 assigned.
   * Parameter RmL233 has no value. Default value 1 assigned.
   * Parameter RMx1 has no value. Default value 1 assigned.
   * Parameter RMx2 has no value. Default value 1 assigned.
   * Parameter RMx3 has no value. Default value 1 assigned.
   * Parameter mHu2 has no value. Default value 1 assigned.
   * Parameter mHd2 has no value. Default value 1 assigned.
   * Parameter RmQ211 has no value. Default value 1 assigned.
   * Parameter RmQ212 has no value. Default value 1 assigned.
   * Parameter RmQ213 has no value. Default value 1 assigned.
   * Parameter RmQ221 has no value. Default value 1 assigned.
   * Parameter RmQ222 has no value. Default value 1 assigned.
   * Parameter RmQ223 has no value. Default value 1 assigned.
   * Parameter RmQ231 has no value. Default value 1 assigned.
   * Parameter RmQ232 has no value. Default value 1 assigned.
   * Parameter RmQ233 has no value. Default value 1 assigned.
   * Parameter RmU211 has no value. Default value 1 assigned.
   * Parameter RmU212 has no value. Default value 1 assigned.
   * Parameter RmU213 has no value. Default value 1 assigned.
   * Parameter RmU221 has no value. Default value 1 assigned.
   * Parameter RmU222 has no value. Default value 1 assigned.
   * Parameter RmU223 has no value. Default value 1 assigned.
   * Parameter RmU231 has no value. Default value 1 assigned.
   * Parameter RmU232 has no value. Default value 1 assigned.
   * Parameter RmU233 has no value. Default value 1 assigned.
   * Parameter RNN11 has no value. Default value 1 assigned.
   * Parameter RNN12 has no value. Default value 1 assigned.
   * Parameter RNN13 has no value. Default value 1 assigned.
   * Parameter RNN14 has no value. Default value 1 assigned.
   * Parameter RNN21 has no value. Default value 1 assigned.
   * Parameter RNN22 has no value. Default value 1 assigned.
   * Parameter RNN23 has no value. Default value 1 assigned.
   * Parameter RNN24 has no value. Default value 1 assigned.
   * Parameter RNN31 has no value. Default value 1 assigned.
   * Parameter RNN32 has no value. Default value 1 assigned.
   * Parameter RNN33 has no value. Default value 1 assigned.
   * Parameter RNN34 has no value. Default value 1 assigned.
   * Parameter RNN41 has no value. Default value 1 assigned.
   * Parameter RNN42 has no value. Default value 1 assigned.
   * Parameter RNN43 has no value. Default value 1 assigned.
   * Parameter RNN44 has no value. Default value 1 assigned.
   * Parameter RRl11 has no value. Default value 1 assigned.
   * Parameter RRl12 has no value. Default value 1 assigned.
   * Parameter RRl13 has no value. Default value 1 assigned.
   * Parameter RRl14 has no value. Default value 1 assigned.
   * Parameter RRl15 has no value. Default value 1 assigned.
   * Parameter RRl16 has no value. Default value 1 assigned.
   * Parameter RRl21 has no value. Default value 1 assigned.
   * Parameter RRl22 has no value. Default value 1 assigned.
   * Parameter RRl23 has no value. Default value 1 assigned.
   * Parameter RRl24 has no value. Default value 1 assigned.
   * Parameter RRl25 has no value. Default value 1 assigned.
   * Parameter RRl26 has no value. Default value 1 assigned.
   * Parameter RRl31 has no value. Default value 1 assigned.
   * Parameter RRl32 has no value. Default value 1 assigned.
   * Parameter RRl33 has no value. Default value 1 assigned.
   * Parameter RRl34 has no value. Default value 1 assigned.
   * Parameter RRl35 has no value. Default value 1 assigned.
   * Parameter RRl36 has no value. Default value 1 assigned.
   * Parameter RRl41 has no value. Default value 1 assigned.
   * Parameter RRl42 has no value. Default value 1 assigned.
   * Parameter RRl43 has no value. Default value 1 assigned.
   * Parameter RRl44 has no value. Default value 1 assigned.
   * Parameter RRl45 has no value. Default value 1 assigned.
   * Parameter RRl46 has no value. Default value 1 assigned.
   * Parameter RRl51 has no value. Default value 1 assigned.
   * Parameter RRl52 has no value. Default value 1 assigned.
   * Parameter RRl53 has no value. Default value 1 assigned.
   * Parameter RRl54 has no value. Default value 1 assigned.
   * Parameter RRl55 has no value. Default value 1 assigned.
   * Parameter RRl56 has no value. Default value 1 assigned.
   * Parameter RRl61 has no value. Default value 1 assigned.
   * Parameter RRl62 has no value. Default value 1 assigned.
   * Parameter RRl63 has no value. Default value 1 assigned.
   * Parameter RRl64 has no value. Default value 1 assigned.
   * Parameter RRl65 has no value. Default value 1 assigned.
   * Parameter RRl66 has no value. Default value 1 assigned.
   * Parameter aEWM1 has no value. Default value 1 assigned.
   * Parameter aS has no value. Default value 1 assigned.
   * Parameter RRn11 has no value. Default value 1 assigned.
   * Parameter RRn12 has no value. Default value 1 assigned.
   * Parameter RRn13 has no value. Default value 1 assigned.
   * Parameter RRn21 has no value. Default value 1 assigned.
   * Parameter RRn22 has no value. Default value 1 assigned.
   * Parameter RRn23 has no value. Default value 1 assigned.
   * Parameter RRn31 has no value. Default value 1 assigned.
   * Parameter RRn32 has no value. Default value 1 assigned.
   * Parameter RRn33 has no value. Default value 1 assigned.
   * Parameter Rtd11 has no value. Default value 1 assigned.
   * Parameter Rtd12 has no value. Default value 1 assigned.
   * Parameter Rtd13 has no value. Default value 1 assigned.
   * Parameter Rtd21 has no value. Default value 1 assigned.
   * Parameter Rtd22 has no value. Default value 1 assigned.
   * Parameter Rtd23 has no value. Default value 1 assigned.
   * Parameter Rtd31 has no value. Default value 1 assigned.
   * Parameter Rtd32 has no value. Default value 1 assigned.
   * Parameter Rtd33 has no value. Default value 1 assigned.
   * Parameter Rte11 has no value. Default value 1 assigned.
   * Parameter Rte12 has no value. Default value 1 assigned.
   * Parameter Rte13 has no value. Default value 1 assigned.
   * Parameter Rte21 has no value. Default value 1 assigned.
   * Parameter Rte22 has no value. Default value 1 assigned.
   * Parameter Rte23 has no value. Default value 1 assigned.
   * Parameter Rte31 has no value. Default value 1 assigned.
   * Parameter Rte32 has no value. Default value 1 assigned.
   * Parameter Rte33 has no value. Default value 1 assigned.
   * Parameter Rtu11 has no value. Default value 1 assigned.
   * Parameter Rtu12 has no value. Default value 1 assigned.
   * Parameter Rtu13 has no value. Default value 1 assigned.
   * Parameter Rtu21 has no value. Default value 1 assigned.
   * Parameter Rtu22 has no value. Default value 1 assigned.
   * Parameter Rtu23 has no value. Default value 1 assigned.
   * Parameter Rtu31 has no value. Default value 1 assigned.
   * Parameter Rtu32 has no value. Default value 1 assigned.
   * Parameter Rtu33 has no value. Default value 1 assigned.
   * Parameter RUU11 has no value. Default value 1 assigned.
   * Parameter RUU12 has no value. Default value 1 assigned.
   * Parameter RUU21 has no value. Default value 1 assigned.
   * Parameter RUU22 has no value. Default value 1 assigned.
   * Parameter RMNS11 has no value. Default value 1 assigned.
   * Parameter RMNS12 has no value. Default value 1 assigned.
   * Parameter RMNS13 has no value. Default value 1 assigned.
   * Parameter RMNS21 has no value. Default value 1 assigned.
   * Parameter RMNS22 has no value. Default value 1 assigned.
   * Parameter RMNS23 has no value. Default value 1 assigned.
   * Parameter RMNS31 has no value. Default value 1 assigned.
   * Parameter RMNS32 has no value. Default value 1 assigned.
   * Parameter RMNS33 has no value. Default value 1 assigned.
   * Parameter RRu11 has no value. Default value 1 assigned.
   * Parameter RRu12 has no value. Default value 1 assigned.
   * Parameter RRu13 has no value. Default value 1 assigned.
   * Parameter RRu14 has no value. Default value 1 assigned.
   * Parameter RRu15 has no value. Default value 1 assigned.
   * Parameter RRu16 has no value. Default value 1 assigned.
   * Parameter RRu21 has no value. Default value 1 assigned.
   * Parameter RRu22 has no value. Default value 1 assigned.
   * Parameter RRu23 has no value. Default value 1 assigned.
   * Parameter RRu24 has no value. Default value 1 assigned.
   * Parameter RRu25 has no value. Default value 1 assigned.
   * Parameter RRu26 has no value. Default value 1 assigned.
   * Parameter RRu31 has no value. Default value 1 assigned.
   * Parameter RRu32 has no value. Default value 1 assigned.
   * Parameter RRu33 has no value. Default value 1 assigned.
   * Parameter RRu34 has no value. Default value 1 assigned.
   * Parameter RRu35 has no value. Default value 1 assigned.
   * Parameter RRu36 has no value. Default value 1 assigned.
   * Parameter RRu41 has no value. Default value 1 assigned.
   * Parameter RRu42 has no value. Default value 1 assigned.
   * Parameter RRu43 has no value. Default value 1 assigned.
   * Parameter RRu44 has no value. Default value 1 assigned.
   * Parameter RRu45 has no value. Default value 1 assigned.
   * Parameter RRu46 has no value. Default value 1 assigned.
   * Parameter RRu51 has no value. Default value 1 assigned.
   * Parameter RRu52 has no value. Default value 1 assigned.
   * Parameter RRu53 has no value. Default value 1 assigned.
   * Parameter RRu54 has no value. Default value 1 assigned.
   * Parameter RRu55 has no value. Default value 1 assigned.
   * Parameter RRu56 has no value. Default value 1 assigned.
   * Parameter RRu61 has no value. Default value 1 assigned.
   * Parameter RRu62 has no value. Default value 1 assigned.
   * Parameter RRu63 has no value. Default value 1 assigned.
   * Parameter RRu64 has no value. Default value 1 assigned.
   * Parameter RRu65 has no value. Default value 1 assigned.
   * Parameter RRu66 has no value. Default value 1 assigned.
   * Parameter RCKM11 has no value. Default value 1 assigned.
   * Parameter RCKM12 has no value. Default value 1 assigned.
   * Parameter RCKM13 has no value. Default value 1 assigned.
   * Parameter RCKM21 has no value. Default value 1 assigned.
   * Parameter RCKM22 has no value. Default value 1 assigned.
   * Parameter RCKM23 has no value. Default value 1 assigned.
   * Parameter RCKM31 has no value. Default value 1 assigned.
   * Parameter RCKM32 has no value. Default value 1 assigned.
   * Parameter RCKM33 has no value. Default value 1 assigned.
   * Parameter RVV11 has no value. Default value 1 assigned.
   * Parameter RVV12 has no value. Default value 1 assigned.
   * Parameter RVV21 has no value. Default value 1 assigned.
   * Parameter RVV22 has no value. Default value 1 assigned.
   * Parameter Ryd11 has no value. Default value 1 assigned.
   * Parameter Ryd12 has no value. Default value 1 assigned.
   * Parameter Ryd13 has no value. Default value 1 assigned.
   * Parameter Ryd21 has no value. Default value 1 assigned.
   * Parameter Ryd22 has no value. Default value 1 assigned.
   * Parameter Ryd23 has no value. Default value 1 assigned.
   * Parameter Ryd31 has no value. Default value 1 assigned.
   * Parameter Ryd32 has no value. Default value 1 assigned.
   * Parameter Ryd33 has no value. Default value 1 assigned.
   * Parameter Rye11 has no value. Default value 1 assigned.
   * Parameter Rye12 has no value. Default value 1 assigned.
   * Parameter Rye13 has no value. Default value 1 assigned.
   * Parameter Rye21 has no value. Default value 1 assigned.
   * Parameter Rye22 has no value. Default value 1 assigned.
   * Parameter Rye23 has no value. Default value 1 assigned.
   * Parameter Rye31 has no value. Default value 1 assigned.
   * Parameter Rye32 has no value. Default value 1 assigned.
   * Parameter Rye33 has no value. Default value 1 assigned.
   * Parameter Ryu11 has no value. Default value 1 assigned.
   * Parameter Ryu12 has no value. Default value 1 assigned.
   * Parameter Ryu13 has no value. Default value 1 assigned.
   * Parameter Ryu21 has no value. Default value 1 assigned.
   * Parameter Ryu22 has no value. Default value 1 assigned.
   * Parameter Ryu23 has no value. Default value 1 assigned.
   * Parameter Ryu31 has no value. Default value 1 assigned.
   * Parameter Ryu32 has no value. Default value 1 assigned.
   * Parameter Ryu33 has no value. Default value 1 assigned.
   * Parameter MZ has no value. Default value 1 assigned.
   * Parameter MW has no value. Default value 1 assigned.
   * Parameter Mneu1 has no value. Default value 1 assigned.
   * Parameter Mneu2 has no value. Default value 1 assigned.
   * Parameter Mneu3 has no value. Default value 1 assigned.
   * Parameter Mneu4 has no value. Default value 1 assigned.
   * Parameter Mch1 has no value. Default value 1 assigned.
   * Parameter Mch2 has no value. Default value 1 assigned.
   * Parameter Mgo has no value. Default value 1 assigned.
   * Parameter MH01 has no value. Default value 1 assigned.
   * Parameter MH02 has no value. Default value 1 assigned.
   * Parameter MA0 has no value. Default value 1 assigned.
   * Parameter MH has no value. Default value 1 assigned.
   * Parameter Mve has no value. Default value 1 assigned.
   * Parameter Mvm has no value. Default value 1 assigned.
   * Parameter Mvt has no value. Default value 1 assigned.
   * Parameter Me has no value. Default value 1 assigned.
   * Parameter Mm has no value. Default value 1 assigned.
   * Parameter Mta has no value. Default value 1 assigned.
   * Parameter MU has no value. Default value 1 assigned.
   * Parameter MC has no value. Default value 1 assigned.
   * Parameter MT has no value. Default value 1 assigned.
   * Parameter MD has no value. Default value 1 assigned.
   * Parameter MS has no value. Default value 1 assigned.
   * Parameter MB has no value. Default value 1 assigned.
   * Parameter Msn1 has no value. Default value 1 assigned.
   * Parameter Msn2 has no value. Default value 1 assigned.
   * Parameter Msn3 has no value. Default value 1 assigned.
   * Parameter Msl1 has no value. Default value 1 assigned.
   * Parameter Msl2 has no value. Default value 1 assigned.
   * Parameter Msl3 has no value. Default value 1 assigned.
   * Parameter Msl4 has no value. Default value 1 assigned.
   * Parameter Msl5 has no value. Default value 1 assigned.
   * Parameter Msl6 has no value. Default value 1 assigned.
   * Parameter Msu1 has no value. Default value 1 assigned.
   * Parameter Msu2 has no value. Default value 1 assigned.
   * Parameter Msu3 has no value. Default value 1 assigned.
   * Parameter Msu4 has no value. Default value 1 assigned.
   * Parameter Msu5 has no value. Default value 1 assigned.
   * Parameter Msu6 has no value. Default value 1 assigned.
   * Parameter Msd1 has no value. Default value 1 assigned.
   * Parameter Msd2 has no value. Default value 1 assigned.
   * Parameter Msd3 has no value. Default value 1 assigned.
   * Parameter Msd4 has no value. Default value 1 assigned.
   * Parameter Msd5 has no value. Default value 1 assigned.
   * Parameter Msd6 has no value. Default value 1 assigned.
   * Parameter WZ has no value. Default value 1 assigned.
   * Parameter WW has no value. Default value 1 assigned.
   * Parameter Wneu1 has no value. Default value 1 assigned.
   * Parameter Wneu2 has no value. Default value 1 assigned.
   * Parameter Wneu3 has no value. Default value 1 assigned.
   * Parameter Wneu4 has no value. Default value 1 assigned.
   * Parameter Wch1 has no value. Default value 1 assigned.
   * Parameter Wch2 has no value. Default value 1 assigned.
   * Parameter Wgo has no value. Default value 1 assigned.
   * Parameter WH01 has no value. Default value 1 assigned.
   * Parameter WH02 has no value. Default value 1 assigned.
   * Parameter WA0 has no value. Default value 1 assigned.
   * Parameter WH has no value. Default value 1 assigned.
   * Parameter WT has no value. Default value 1 assigned.
   * Parameter Wsn1 has no value. Default value 1 assigned.
   * Parameter Wsn2 has no value. Default value 1 assigned.
   * Parameter Wsn3 has no value. Default value 1 assigned.
   * Parameter Wsl1 has no value. Default value 1 assigned.
   * Parameter Wsl2 has no value. Default value 1 assigned.
   * Parameter Wsl3 has no value. Default value 1 assigned.
   * Parameter Wsl4 has no value. Default value 1 assigned.
   * Parameter Wsl5 has no value. Default value 1 assigned.
   * Parameter Wsl6 has no value. Default value 1 assigned.
   * Parameter Wsu1 has no value. Default value 1 assigned.
   * Parameter Wsu2 has no value. Default value 1 assigned.
   * Parameter Wsu3 has no value. Default value 1 assigned.
   * Parameter Wsu4 has no value. Default value 1 assigned.
   * Parameter Wsu5 has no value. Default value 1 assigned.
   * Parameter Wsu6 has no value. Default value 1 assigned.
   * Parameter Wsd1 has no value. Default value 1 assigned.
   * Parameter Wsd2 has no value. Default value 1 assigned.
   * Parameter Wsd3 has no value. Default value 1 assigned.
   * Parameter Wsd4 has no value. Default value 1 assigned.
   * Parameter Wsd5 has no value. Default value 1 assigned.
   * Parameter Wsd6 has no value. Default value 1 assigned.
   * Parameter NN11 has no value. Default value 1 assigned.
   * Parameter NN12 has no value. Default value 1 assigned.
   * Parameter NN13 has no value. Default value 1 assigned.
   * Parameter NN14 has no value. Default value 1 assigned.
   * Parameter NN21 has no value. Default value 1 assigned.
   * Parameter NN22 has no value. Default value 1 assigned.
   * Parameter NN23 has no value. Default value 1 assigned.
   * Parameter NN24 has no value. Default value 1 assigned.
   * Parameter NN31 has no value. Default value 1 assigned.
   * Parameter NN32 has no value. Default value 1 assigned.
   * Parameter NN33 has no value. Default value 1 assigned.
   * Parameter NN34 has no value. Default value 1 assigned.
   * Parameter NN41 has no value. Default value 1 assigned.
   * Parameter NN42 has no value. Default value 1 assigned.
   * Parameter NN43 has no value. Default value 1 assigned.
   * Parameter NN44 has no value. Default value 1 assigned.
   * Parameter UU11 has no value. Default value 1 assigned.
   * Parameter UU12 has no value. Default value 1 assigned.
   * Parameter UU21 has no value. Default value 1 assigned.
   * Parameter UU22 has no value. Default value 1 assigned.
   * Parameter VV11 has no value. Default value 1 assigned.
   * Parameter VV12 has no value. Default value 1 assigned.
   * Parameter VV21 has no value. Default value 1 assigned.
   * Parameter VV22 has no value. Default value 1 assigned.
   * Parameter Rl11 has no value. Default value 1 assigned.
   * Parameter Rl12 has no value. Default value 1 assigned.
   * Parameter Rl13 has no value. Default value 1 assigned.
   * Parameter Rl14 has no value. Default value 1 assigned.
   * Parameter Rl15 has no value. Default value 1 assigned.
   * Parameter Rl16 has no value. Default value 1 assigned.
   * Parameter Rl21 has no value. Default value 1 assigned.
   * Parameter Rl22 has no value. Default value 1 assigned.
   * Parameter Rl23 has no value. Default value 1 assigned.
   * Parameter Rl24 has no value. Default value 1 assigned.
   * Parameter Rl25 has no value. Default value 1 assigned.
   * Parameter Rl26 has no value. Default value 1 assigned.
   * Parameter Rl31 has no value. Default value 1 assigned.
   * Parameter Rl32 has no value. Default value 1 assigned.
   * Parameter Rl33 has no value. Default value 1 assigned.
   * Parameter Rl34 has no value. Default value 1 assigned.
   * Parameter Rl35 has no value. Default value 1 assigned.
   * Parameter Rl36 has no value. Default value 1 assigned.
   * Parameter Rl41 has no value. Default value 1 assigned.
   * Parameter Rl42 has no value. Default value 1 assigned.
   * Parameter Rl43 has no value. Default value 1 assigned.
   * Parameter Rl44 has no value. Default value 1 assigned.
   * Parameter Rl45 has no value. Default value 1 assigned.
   * Parameter Rl46 has no value. Default value 1 assigned.
   * Parameter Rl51 has no value. Default value 1 assigned.
   * Parameter Rl52 has no value. Default value 1 assigned.
   * Parameter Rl53 has no value. Default value 1 assigned.
   * Parameter Rl54 has no value. Default value 1 assigned.
   * Parameter Rl55 has no value. Default value 1 assigned.
   * Parameter Rl56 has no value. Default value 1 assigned.
   * Parameter Rl61 has no value. Default value 1 assigned.
   * Parameter Rl62 has no value. Default value 1 assigned.
   * Parameter Rl63 has no value. Default value 1 assigned.
   * Parameter Rl64 has no value. Default value 1 assigned.
   * Parameter Rl65 has no value. Default value 1 assigned.
   * Parameter Rl66 has no value. Default value 1 assigned.
   * Parameter Rn11 has no value. Default value 1 assigned.
   * Parameter Rn12 has no value. Default value 1 assigned.
   * Parameter Rn13 has no value. Default value 1 assigned.
   * Parameter Rn21 has no value. Default value 1 assigned.
   * Parameter Rn22 has no value. Default value 1 assigned.
   * Parameter Rn23 has no value. Default value 1 assigned.
   * Parameter Rn31 has no value. Default value 1 assigned.
   * Parameter Rn32 has no value. Default value 1 assigned.
   * Parameter Rn33 has no value. Default value 1 assigned.
   * Parameter Ru11 has no value. Default value 1 assigned.
   * Parameter Ru12 has no value. Default value 1 assigned.
   * Parameter Ru13 has no value. Default value 1 assigned.
   * Parameter Ru14 has no value. Default value 1 assigned.
   * Parameter Ru15 has no value. Default value 1 assigned.
   * Parameter Ru16 has no value. Default value 1 assigned.
   * Parameter Ru21 has no value. Default value 1 assigned.
   * Parameter Ru22 has no value. Default value 1 assigned.
   * Parameter Ru23 has no value. Default value 1 assigned.
   * Parameter Ru24 has no value. Default value 1 assigned.
   * Parameter Ru25 has no value. Default value 1 assigned.
   * Parameter Ru26 has no value. Default value 1 assigned.
   * Parameter Ru31 has no value. Default value 1 assigned.
   * Parameter Ru32 has no value. Default value 1 assigned.
   * Parameter Ru33 has no value. Default value 1 assigned.
   * Parameter Ru34 has no value. Default value 1 assigned.
   * Parameter Ru35 has no value. Default value 1 assigned.
   * Parameter Ru36 has no value. Default value 1 assigned.
   * Parameter Ru41 has no value. Default value 1 assigned.
   * Parameter Ru42 has no value. Default value 1 assigned.
   * Parameter Ru43 has no value. Default value 1 assigned.
   * Parameter Ru44 has no value. Default value 1 assigned.
   * Parameter Ru45 has no value. Default value 1 assigned.
   * Parameter Ru46 has no value. Default value 1 assigned.
   * Parameter Ru51 has no value. Default value 1 assigned.
   * Parameter Ru52 has no value. Default value 1 assigned.
   * Parameter Ru53 has no value. Default value 1 assigned.
   * Parameter Ru54 has no value. Default value 1 assigned.
   * Parameter Ru55 has no value. Default value 1 assigned.
   * Parameter Ru56 has no value. Default value 1 assigned.
   * Parameter Ru61 has no value. Default value 1 assigned.
   * Parameter Ru62 has no value. Default value 1 assigned.
   * Parameter Ru63 has no value. Default value 1 assigned.
   * Parameter Ru64 has no value. Default value 1 assigned.
   * Parameter Ru65 has no value. Default value 1 assigned.
   * Parameter Ru66 has no value. Default value 1 assigned.
   * Parameter Rd11 has no value. Default value 1 assigned.
   * Parameter Rd12 has no value. Default value 1 assigned.
   * Parameter Rd13 has no value. Default value 1 assigned.
   * Parameter Rd14 has no value. Default value 1 assigned.
   * Parameter Rd15 has no value. Default value 1 assigned.
   * Parameter Rd16 has no value. Default value 1 assigned.
   * Parameter Rd21 has no value. Default value 1 assigned.
   * Parameter Rd22 has no value. Default value 1 assigned.
   * Parameter Rd23 has no value. Default value 1 assigned.
   * Parameter Rd24 has no value. Default value 1 assigned.
   * Parameter Rd25 has no value. Default value 1 assigned.
   * Parameter Rd26 has no value. Default value 1 assigned.
   * Parameter Rd31 has no value. Default value 1 assigned.
   * Parameter Rd32 has no value. Default value 1 assigned.
   * Parameter Rd33 has no value. Default value 1 assigned.
   * Parameter Rd34 has no value. Default value 1 assigned.
   * Parameter Rd35 has no value. Default value 1 assigned.
   * Parameter Rd36 has no value. Default value 1 assigned.
   * Parameter Rd41 has no value. Default value 1 assigned.
   * Parameter Rd42 has no value. Default value 1 assigned.
   * Parameter Rd43 has no value. Default value 1 assigned.
   * Parameter Rd44 has no value. Default value 1 assigned.
   * Parameter Rd45 has no value. Default value 1 assigned.
   * Parameter Rd46 has no value. Default value 1 assigned.
   * Parameter Rd51 has no value. Default value 1 assigned.
   * Parameter Rd52 has no value. Default value 1 assigned.
   * Parameter Rd53 has no value. Default value 1 assigned.
   * Parameter Rd54 has no value. Default value 1 assigned.
   * Parameter Rd55 has no value. Default value 1 assigned.
   * Parameter Rd56 has no value. Default value 1 assigned.
   * Parameter Rd61 has no value. Default value 1 assigned.
   * Parameter Rd62 has no value. Default value 1 assigned.
   * Parameter Rd63 has no value. Default value 1 assigned.
   * Parameter Rd64 has no value. Default value 1 assigned.
   * Parameter Rd65 has no value. Default value 1 assigned.
   * Parameter Rd66 has no value. Default value 1 assigned.
   * Parameter ee has no value. Default value 1 assigned.
   * Parameter G has no value. Default value 1 assigned.
   * Parameter gp has no value. Default value 1 assigned.
   * Parameter gw has no value. Default value 1 assigned.
   * Parameter beta has no value. Default value 1 assigned.
   * Parameter yu11 has no value. Default value 1 assigned.
   * Parameter yu22 has no value. Default value 1 assigned.
   * Parameter yu33 has no value. Default value 1 assigned.
   * Parameter yd11 has no value. Default value 1 assigned.
   * Parameter yd22 has no value. Default value 1 assigned.
   * Parameter yd33 has no value. Default value 1 assigned.
   * Parameter ye11 has no value. Default value 1 assigned.
   * Parameter ye22 has no value. Default value 1 assigned.
   * Parameter ye33 has no value. Default value 1 assigned.
   * Parameter MUH has no value. Default value 1 assigned.
   * Parameter Mx1 has no value. Default value 1 assigned.
   * Parameter Mx2 has no value. Default value 1 assigned.
   * Parameter Mx3 has no value. Default value 1 assigned.
   * Parameter mL211 has no value. Default value 1 assigned.
   * Parameter mL212 has no value. Default value 1 assigned.
   * Parameter mL213 has no value. Default value 1 assigned.
   * Parameter mL221 has no value. Default value 1 assigned.
   * Parameter mL222 has no value. Default value 1 assigned.
   * Parameter mL223 has no value. Default value 1 assigned.
   * Parameter mL231 has no value. Default value 1 assigned.
   * Parameter mL232 has no value. Default value 1 assigned.
   * Parameter mL233 has no value. Default value 1 assigned.
   * Parameter mE211 has no value. Default value 1 assigned.
   * Parameter mE212 has no value. Default value 1 assigned.
   * Parameter mE213 has no value. Default value 1 assigned.
   * Parameter mE221 has no value. Default value 1 assigned.
   * Parameter mE222 has no value. Default value 1 assigned.
   * Parameter mE223 has no value. Default value 1 assigned.
   * Parameter mE231 has no value. Default value 1 assigned.
   * Parameter mE232 has no value. Default value 1 assigned.
   * Parameter mE233 has no value. Default value 1 assigned.
   * Parameter mQ211 has no value. Default value 1 assigned.
   * Parameter mQ212 has no value. Default value 1 assigned.
   * Parameter mQ213 has no value. Default value 1 assigned.
   * Parameter mQ221 has no value. Default value 1 assigned.
   * Parameter mQ222 has no value. Default value 1 assigned.
   * Parameter mQ223 has no value. Default value 1 assigned.
   * Parameter mQ231 has no value. Default value 1 assigned.
   * Parameter mQ232 has no value. Default value 1 assigned.
   * Parameter mQ233 has no value. Default value 1 assigned.
   * Parameter mU211 has no value. Default value 1 assigned.
   * Parameter mU212 has no value. Default value 1 assigned.
   * Parameter mU213 has no value. Default value 1 assigned.
   * Parameter mU221 has no value. Default value 1 assigned.
   * Parameter mU222 has no value. Default value 1 assigned.
   * Parameter mU223 has no value. Default value 1 assigned.
   * Parameter mU231 has no value. Default value 1 assigned.
   * Parameter mU232 has no value. Default value 1 assigned.
   * Parameter mU233 has no value. Default value 1 assigned.
   * Parameter mD211 has no value. Default value 1 assigned.
   * Parameter mD212 has no value. Default value 1 assigned.
   * Parameter mD213 has no value. Default value 1 assigned.
   * Parameter mD221 has no value. Default value 1 assigned.
   * Parameter mD222 has no value. Default value 1 assigned.
   * Parameter mD223 has no value. Default value 1 assigned.
   * Parameter mD231 has no value. Default value 1 assigned.
   * Parameter mD232 has no value. Default value 1 assigned.
   * Parameter mD233 has no value. Default value 1 assigned.
   * Parameter te11 has no value. Default value 1 assigned.
   * Parameter te12 has no value. Default value 1 assigned.
   * Parameter te13 has no value. Default value 1 assigned.
   * Parameter te21 has no value. Default value 1 assigned.
   * Parameter te22 has no value. Default value 1 assigned.
   * Parameter te23 has no value. Default value 1 assigned.
   * Parameter te31 has no value. Default value 1 assigned.
   * Parameter te32 has no value. Default value 1 assigned.
   * Parameter te33 has no value. Default value 1 assigned.
   * Parameter tu11 has no value. Default value 1 assigned.
   * Parameter tu12 has no value. Default value 1 assigned.
   * Parameter tu13 has no value. Default value 1 assigned.
   * Parameter tu21 has no value. Default value 1 assigned.
   * Parameter tu22 has no value. Default value 1 assigned.
   * Parameter tu23 has no value. Default value 1 assigned.
   * Parameter tu31 has no value. Default value 1 assigned.
   * Parameter tu32 has no value. Default value 1 assigned.
   * Parameter tu33 has no value. Default value 1 assigned.
   * Parameter td11 has no value. Default value 1 assigned.
   * Parameter td12 has no value. Default value 1 assigned.
   * Parameter td13 has no value. Default value 1 assigned.
   * Parameter td21 has no value. Default value 1 assigned.
   * Parameter td22 has no value. Default value 1 assigned.
   * Parameter td23 has no value. Default value 1 assigned.
   * Parameter td31 has no value. Default value 1 assigned.
   * Parameter td32 has no value. Default value 1 assigned.
   * Parameter td33 has no value. Default value 1 assigned.
   * Parameter bb has no value. Default value 1 assigned.
   * Parameter vev has no value. Default value 1 assigned.
   * Parameter vd has no value. Default value 1 assigned.
   * Parameter vu has no value. Default value 1 assigned.


# Vertices
   * Calling FeynmanRules for 1 Lagrangians.
   * Number of classes vertices: 232
   * Number of flavored vertices: 10786
   * Saved vertices in InterfaceRun[ 1 ].
   * Checked QNumber conservation.
      - Quantum number GhostNumber conserved in all vertices.
      - Quantum number Q conserved in all vertices.
      - Quantum number Y conserved in all vertices.
   * particles.py written.
   * parameters.py written.
#
# Vertex definitions
#

   * 10786 vertices written.
   * vertices.py written.
#
# Lorentz structure definitions
#

   * 18 lorentz structures written.
   * lorentz.py written.
#
# Coupling definitions
#

   * 16620 couplings written.
   * couplings.py written.
#
# Coupling order definitions
#

   * 0 couplings orders written.
   * coupling_orders.py written.
