# This file was automatically created by FeynRules $Revision: 634 $
# Mathematica version: 7.0 for Mac OS X x86 (64-bit) (April 23, 2009)
# Date: Mon 23 May 2011 22:36:10


# 
# This is the logfile for the model SM_plus_LQD

# Authors: Sho Iwamoto
# Model version: 0.1
# Checking the Lagrangians
   * All Lagrangians are ok.
#
# Particle definitions
#

   * No particles removed. All particles correspond to GenInt setup.

# Automatically assigned PDG numbers
   * Assigned PDG number 9000001 to particle ghA
   * Assigned PDG number 9000002 to particle ghZ
   * Assigned PDG number 9000003 to particle ghWp
   * Assigned PDG number 9000004 to particle ghWm
   * Assigned PDG number 9000005 to particle ghG


# Compulsory PDG codes:
   * Class SM leptons complete.
   * Class SM neutrinos complete.
   * Class SM quarks complete.
   * Class SM gauge bosons complete.
#
# Parameter definitions
#

   * All parameters are ok.


# Vertices
   * Calling FeynmanRules for 6 Lagrangians.
   * Number of classes vertices: 109
   * Number of flavored vertices: 199
   * Saved vertices in InterfaceRun[ 1 ].
   * Checked QNumber conservation.
      - Quantum number GhostNumber conserved in all vertices.
      - Quantum number LeptonNumber NOT conserved in the following vertices
          {sn3L, dbar, b}
          {staL, dbar, t}
          {sn3Lbar, bbar, d}
          {staLbar, tbar, d}
          {sbL, dbar, vt}
          {sbLbar, vtbar, d}
          {sdR, bbar, vtbar}
          {sdR, tbar, ttbar}
          {sdRbar, b, vt}
          {sdRbar, t, tt}
          {stL, dbar, tt}
          {stLbar, ttbar, d}
      - Quantum number Q conserved in all vertices.
   * particles.py written.
   * parameters.py written.
#
# Vertex definitions
#

   * 199 vertices written.
   * vertices.py written.
#
# Lorentz structure definitions
#

   * 22 lorentz structures written.
   * lorentz.py written.
#
# Coupling definitions
#

   * 139 couplings written.
   * couplings.py written.
